03:54:40: Creating resource group General
03:54:40: Creating resource group Internal
03:54:40: Creating resource group Autodetect
03:54:40: SceneManagerFactory for type 'DefaultSceneManager' registered.
03:54:40: Registering ResourceManager for type Material
03:54:40: Registering ResourceManager for type Mesh
03:54:40: Registering ResourceManager for type Skeleton
03:54:40: MovableObjectFactory for type 'ParticleSystem' registered.
03:54:40: ArchiveFactory for archive type FileSystem registered.
03:54:40: ArchiveFactory for archive type Zip registered.
03:54:40: ArchiveFactory for archive type EmbeddedZip registered.
03:54:40: DDS codec registering
03:54:40: FreeImage version: 3.13.0
03:54:40: This program uses FreeImage, a free, open source image library supporting all common bitmap formats. See http://freeimage.sourceforge.net for details
03:54:40: Supported formats: jpg,jif,jpeg,jpe,png,tga,targa
03:54:40: Registering ResourceManager for type HighLevelGpuProgram
03:54:40: Registering ResourceManager for type Compositor
03:54:40: MovableObjectFactory for type 'Entity' registered.
03:54:40: MovableObjectFactory for type 'Light' registered.
03:54:40: MovableObjectFactory for type 'BillboardSet' registered.
03:54:40: MovableObjectFactory for type 'ManualObject' registered.
03:54:40: MovableObjectFactory for type 'BillboardChain' registered.
03:54:40: MovableObjectFactory for type 'RibbonTrail' registered.
03:54:40: *-*-* OGRE Initialising
03:54:40: *-*-* Version 1.10.0unstable (Xalafu)
03:54:40: Installing plugin: GL RenderSystem
03:54:40: OpenGL Rendering Subsystem created.
03:54:40: Plugin successfully installed
03:54:40: Installing plugin: ParticleFX
03:54:40: Particle Emitter Type 'Point' registered
03:54:40: Particle Emitter Type 'Box' registered
03:54:40: Particle Emitter Type 'Ellipsoid' registered
03:54:40: Particle Emitter Type 'Cylinder' registered
03:54:40: Particle Emitter Type 'Ring' registered
03:54:40: Particle Emitter Type 'HollowEllipsoid' registered
03:54:40: Particle Affector Type 'LinearForce' registered
03:54:40: Particle Affector Type 'ColourFader' registered
03:54:40: Particle Affector Type 'ColourFader2' registered
03:54:40: Particle Affector Type 'ColourImage' registered
03:54:40: Particle Affector Type 'ColourInterpolator' registered
03:54:40: Particle Affector Type 'Scaler' registered
03:54:40: Particle Affector Type 'Rotator' registered
03:54:40: Particle Affector Type 'DirectionRandomiser' registered
03:54:40: Particle Affector Type 'DeflectorPlane' registered
03:54:40: Plugin successfully installed
03:54:40: Installing plugin: Cg Program Manager
03:54:40: Plugin successfully installed
03:54:40: ArchiveFactory for archive type BLEND registered.
03:54:40: OverlayElementFactory for type Panel registered.
03:54:40: OverlayElementFactory for type BorderPanel registered.
03:54:40: OverlayElementFactory for type TextArea registered.
03:54:40: Registering ResourceManager for type Font
03:54:40: Using renderer:OpenGL Rendering Subsystem
03:54:40: CPU Identifier & Features
03:54:40: -------------------------
03:54:40:  *   CPU ID: GenuineIntel: Intel(R) Core(TM) i7-4770K CPU @ 3.50GHz
03:54:40:  *      SSE: yes
03:54:40:  *     SSE2: yes
03:54:40:  *     SSE3: yes
03:54:40:  *      MMX: yes
03:54:40:  *   MMXEXT: yes
03:54:40:  *    3DNOW: no
03:54:40:  * 3DNOWEXT: no
03:54:40:  *     CMOV: yes
03:54:40:  *      TSC: yes
03:54:40:  *      FPU: yes
03:54:40:  *      PRO: yes
03:54:40:  *       HT: no
03:54:40: -------------------------
03:54:40: ******************************
*** Starting GLX Subsystem ***
******************************
03:54:40: Registering ResourceManager for type Texture
03:54:40: r1
03:54:40: Added resource location '' of type 'BLEND' to resource group 'General'
03:54:40: Added resource location 'RTShaderLib.zip' of type 'EmbeddedZip' to resource group 'General'
03:54:40: r2
03:54:40: r3
03:54:40: Added resource location 'gkmaterials.zip' of type 'EmbeddedZip' to resource group 'General'
03:54:40: r4
03:54:40: r5
03:54:40: Particle Emitter Type 'gkEmitter' registered
03:54:40: Particle Affector Type 'gkAffector' registered
03:54:40: Particle Renderer Type 'gkBillboard' registered
03:54:40: lm1
03:54:40: lm2
03:54:40: lm3
03:54:40: Finished utils
03:54:40: lm4
03:54:40: Creating resource group Rocket
03:54:40: Shorthand property 'tween-s' was registered with invalid property 'tween-prop'.
03:54:40: 37
03:54:40: try to create window!
03:54:40: GLRenderSystem::_createRenderWindow "OgreKit", 640x480 windowed  miscParams: 
03:54:40: GLXWindow::create used FBConfigID = 261
03:54:40: GL_VERSION = 4.4.0 NVIDIA 340.29
03:54:40: GL_VENDOR = NVIDIA Corporation
03:54:40: GL_RENDERER = GeForce GTX 760/PCIe/SSE2
03:54:40: GL_EXTENSIONS = GL_AMD_multi_draw_indirect GL_AMD_seamless_cubemap_per_texture GL_ARB_arrays_of_arrays GL_ARB_base_instance GL_ARB_bindless_texture GL_ARB_blend_func_extended GL_ARB_buffer_storage GL_ARB_clear_buffer_object GL_ARB_clear_texture GL_ARB_color_buffer_float GL_ARB_compatibility GL_ARB_compressed_texture_pixel_storage GL_ARB_conservative_depth GL_ARB_compute_shader GL_ARB_compute_variable_group_size GL_ARB_copy_buffer GL_ARB_copy_image GL_ARB_debug_output GL_ARB_depth_buffer_float GL_ARB_depth_clamp GL_ARB_depth_texture GL_ARB_draw_buffers GL_ARB_draw_buffers_blend GL_ARB_draw_indirect GL_ARB_draw_elements_base_vertex GL_ARB_draw_instanced GL_ARB_enhanced_layouts GL_ARB_ES2_compatibility GL_ARB_ES3_compatibility GL_ARB_explicit_attrib_location GL_ARB_explicit_uniform_location GL_ARB_fragment_coord_conventions GL_ARB_fragment_layer_viewport GL_ARB_fragment_program GL_ARB_fragment_program_shadow GL_ARB_fragment_shader GL_ARB_framebuffer_no_attachments GL_ARB_framebuffer_object GL_ARB_framebuffer_sRGB GL_ARB_geometry_shader4 GL_ARB_get_program_binary GL_ARB_gpu_shader5 GL_ARB_gpu_shader_fp64 GL_ARB_half_float_pixel GL_ARB_half_float_vertex GL_ARB_imaging GL_ARB_indirect_parameters GL_ARB_instanced_arrays GL_ARB_internalformat_query GL_ARB_internalformat_query2 GL_ARB_invalidate_subdata GL_ARB_map_buffer_alignment GL_ARB_map_buffer_range GL_ARB_multi_bind GL_ARB_multi_draw_indirect GL_ARB_multisample GL_ARB_multitexture GL_ARB_occlusion_query GL_ARB_occlusion_query2 GL_ARB_pixel_buffer_object GL_ARB_point_parameters GL_ARB_point_sprite GL_ARB_program_interface_query GL_ARB_provoking_vertex GL_ARB_robust_buffer_access_behavior GL_ARB_robustness GL_ARB_sample_shading GL_ARB_sampler_objects GL_ARB_seamless_cube_map GL_ARB_seamless_cubemap_per_texture GL_ARB_separate_shader_objects GL_ARB_shader_atomic_counters GL_ARB_shader_bit_encoding GL_ARB_shader_draw_parameters GL_ARB_shader_group_vote GL_ARB_shader_image_load_store GL_ARB_shader_image_size GL_ARB_shader_objects GL_ARB_shader_precision GL_ARB_query_buffer_object GL_ARB_shader_storage_buffer_object GL_ARB_shader_subroutine GL_ARB_shader_texture_lod GL_ARB_shading_language_100 GL_ARB_shading_language_420pack GL_ARB_shading_language_include GL_ARB_shading_language_packing GL_ARB_shadow GL_ARB_sparse_texture GL_ARB_stencil_texturing GL_ARB_sync GL_ARB_tessellation_shader GL_ARB_texture_border_clamp GL_ARB_texture_buffer_object GL_ARB_texture_buffer_object_rgb32 GL_ARB_texture_buffer_range GL_ARB_texture_compression GL_ARB_texture_compression_bptc GL_ARB_texture_compression_rgtc GL_ARB_texture_cube_map GL_ARB_texture_cube_map_array GL_ARB_texture_env_add GL_ARB_texture_env_combine GL_ARB_texture_env_crossbar GL_ARB_texture_env_dot3 GL_ARB_texture_float GL_ARB_texture_gather GL_ARB_texture_mirror_clamp_to_edge GL_ARB_texture_mirrored_repeat GL_ARB_texture_multisample GL_ARB_texture_non_power_of_two GL_ARB_texture_query_levels GL_ARB_texture_query_lod GL_ARB_texture_rectangle GL_ARB_texture_rg GL_ARB_texture_rgb10_a2ui GL_ARB_texture_stencil8 GL_ARB_texture_storage GL_ARB_texture_storage_multisample GL_ARB_texture_swizzle GL_ARB_texture_view GL_ARB_timer_query GL_ARB_transform_feedback2 GL_ARB_transform_feedback3 GL_ARB_transform_feedback_instanced GL_ARB_transpose_matrix GL_ARB_uniform_buffer_object GL_ARB_vertex_array_bgra GL_ARB_vertex_array_object GL_ARB_vertex_attrib_64bit GL_ARB_vertex_attrib_binding GL_ARB_vertex_buffer_object GL_ARB_vertex_program GL_ARB_vertex_shader GL_ARB_vertex_type_10f_11f_11f_rev GL_ARB_vertex_type_2_10_10_10_rev GL_ARB_viewport_array GL_ARB_window_pos GL_ATI_draw_buffers GL_ATI_texture_float GL_ATI_texture_mirror_once GL_S3_s3tc GL_EXT_texture_env_add GL_EXT_abgr GL_EXT_bgra GL_EXT_bindable_uniform GL_EXT_blend_color GL_EXT_blend_equation_separate GL_EXT_blend_func_separate GL_EXT_blend_minmax GL_EXT_blend_subtract GL_EXT_compiled_vertex_array GL_EXT_Cg_shader GL_EXT_depth_bounds_test GL_EXT_direct_state_access GL_EXT_draw_buffers2 GL_EXT_draw_instanced GL_EXT_draw_range_elements GL_EXT_fog_coord GL_EXT_framebuffer_blit GL_EXT_framebuffer_multisample GL_EXTX_framebuffer_mixed_formats GL_EXT_framebuffer_multisample_blit_scaled GL_EXT_framebuffer_object GL_EXT_framebuffer_sRGB GL_EXT_geometry_shader4 GL_EXT_gpu_program_parameters GL_EXT_gpu_shader4 GL_EXT_multi_draw_arrays GL_EXT_packed_depth_stencil GL_EXT_packed_float GL_EXT_packed_pixels GL_EXT_pixel_buffer_object GL_EXT_point_parameters GL_EXT_provoking_vertex GL_EXT_rescale_normal GL_EXT_secondary_color GL_EXT_separate_shader_objects GL_EXT_separate_specular_color GL_EXT_shader_image_load_store GL_EXT_shader_integer_mix GL_EXT_shadow_funcs GL_EXT_stencil_two_side GL_EXT_stencil_wrap GL_EXT_texture3D GL_EXT_texture_array GL_EXT_texture_buffer_object GL_EXT_texture_compression_dxt1 GL_EXT_texture_compression_latc GL_EXT_texture_compression_rgtc GL_EXT_texture_compression_s3tc GL_EXT_texture_cube_map GL_EXT_texture_edge_clamp GL_EXT_texture_env_combine GL_EXT_texture_env_dot3 GL_EXT_texture_filter_anisotropic GL_EXT_texture_integer GL_EXT_texture_lod GL_EXT_texture_lod_bias GL_EXT_texture_mirror_clamp GL_EXT_texture_object GL_EXT_texture_shared_exponent GL_EXT_texture_sRGB GL_EXT_texture_sRGB_decode GL_EXT_texture_storage GL_EXT_texture_swizzle GL_EXT_timer_query GL_EXT_transform_feedback2 GL_EXT_vertex_array GL_EXT_vertex_array_bgra GL_EXT_vertex_attrib_64bit GL_EXT_x11_sync_object GL_EXT_import_sync_object GL_IBM_rasterpos_clip GL_IBM_texture_mirrored_repeat GL_KHR_debug GL_KTX_buffer_region GL_NV_bindless_multi_draw_indirect GL_NV_bindless_multi_draw_indirect_count GL_NV_bindless_texture GL_NV_blend_equation_advanced GL_NV_blend_square GL_NV_compute_program5 GL_NV_conditional_render GL_NV_copy_depth_to_color GL_NV_copy_image GL_NV_depth_buffer_float GL_NV_depth_clamp GL_NV_draw_texture GL_NV_ES1_1_compatibility GL_NV_ES3_1_compatibility GL_NV_explicit_multisample GL_NV_fence GL_NV_float_buffer GL_NV_fog_distance GL_NV_fragment_program GL_NV_fragment_program_option GL_NV_fragment_program2 GL_NV_framebuffer_multisample_coverage GL_NV_geometry_shader4 GL_NV_gpu_program4 GL_NV_gpu_program4_1 GL_NV_gpu_program5 GL_NV_gpu_program5_mem_extended GL_NV_gpu_program_fp64 GL_NV_gpu_shader5 GL_NV_half_float GL_NV_light_max_exponent GL_NV_multisample_coverage GL_NV_multisample_filter_hint GL_NV_occlusion_query GL_NV_packed_depth_stencil GL_NV_parameter_buffer_object GL_NV_parameter_buffer_object2 GL_NV_path_rendering GL_NV_pixel_data_range GL_NV_point_sprite GL_NV_primitive_restart GL_NV_register_combiners GL_NV_register_combiners2 GL_NV_shader_atomic_counters GL_NV_shader_atomic_float GL_NV_shader_buffer_load GL_NV_shader_storage_buffer_object GL_NV_texgen_reflection GL_NV_texture_barrier GL_NV_texture_compression_vtc GL_NV_texture_env_combine4 GL_NV_texture_expand_normal GL_NV_texture_multisample GL_NV_texture_rectangle GL_NV_texture_shader GL_NV_texture_shader2 GL_NV_texture_shader3 GL_NV_transform_feedback GL_NV_transform_feedback2 GL_NV_vdpau_interop GL_NV_vertex_array_range GL_NV_vertex_array_range2 GL_NV_vertex_attrib_integer_64bit GL_NV_vertex_buffer_unified_memory GL_NV_vertex_program GL_NV_vertex_program1_1 GL_NV_vertex_program2 GL_NV_vertex_program2_option GL_NV_vertex_program3 GL_NVX_conditional_render GL_NVX_gpu_memory_info GL_NVX_nvenc_interop GL_NV_shader_thread_group GL_NV_shader_thread_shuffle GL_KHR_blend_equation_advanced GL_SGIS_generate_mipmap GL_SGIS_texture_lod GL_SGIX_depth_texture GL_SGIX_shadow GL_SUN_slice_accum 
03:54:40: Supported GLX extensions: GLX_EXT_visual_info GLX_EXT_visual_rating GLX_SGIX_fbconfig GLX_SGIX_pbuffer GLX_SGI_video_sync GLX_SGI_swap_control GLX_EXT_swap_control GLX_EXT_swap_control_tear GLX_EXT_texture_from_pixmap GLX_EXT_buffer_age GLX_ARB_create_context GLX_ARB_create_context_profile GLX_EXT_create_context_es_profile GLX_EXT_create_context_es2_profile GLX_ARB_create_context_robustness GLX_NV_delay_before_swap GLX_EXT_stereo_tree GLX_ARB_multisample GLX_NV_float_buffer GLX_ARB_fbconfig_float GLX_EXT_framebuffer_sRGB GLX_NV_multisample_coverage GLX_ARB_get_proc_address 
03:54:40: ***************************
03:54:40: *** GL Renderer Started ***
03:54:40: ***************************
03:54:40: Registering ResourceManager for type GpuProgram
03:54:40: GLSL support detected
03:54:40: GL: Using GL_EXT_framebuffer_object for rendering to textures (best)
03:54:40: FBO PF_UNKNOWN depth/stencil support: D0S8 D16S0 D24S0 D32S0 Packed-D24S8 
03:54:40: FBO PF_L8 depth/stencil support: D0S0 D0S8 D16S0 D24S0 D32S0 Packed-D24S8 
03:54:40: FBO PF_A8 depth/stencil support: D0S0 D0S8 D16S0 D24S0 D32S0 Packed-D24S8 
03:54:40: FBO PF_A4L4 depth/stencil support: D0S0 D0S8 D16S0 D24S0 D32S0 Packed-D24S8 
03:54:40: FBO PF_BYTE_LA depth/stencil support: D0S0 D0S8 D16S0 D24S0 D32S0 Packed-D24S8 
03:54:40: FBO PF_R5G6B5 depth/stencil support: D0S0 D0S8 D16S0 D24S0 D32S0 Packed-D24S8 
03:54:40: FBO PF_B5G6R5 depth/stencil support: D0S0 D0S8 D16S0 D24S0 D32S0 Packed-D24S8 
03:54:40: FBO PF_A4R4G4B4 depth/stencil support: D0S0 D0S8 D16S0 D24S0 D32S0 Packed-D24S8 
03:54:40: FBO PF_A1R5G5B5 depth/stencil support: D0S0 D0S8 D16S0 D24S0 D32S0 Packed-D24S8 
03:54:40: FBO PF_R8G8B8 depth/stencil support: D0S0 D0S8 D16S0 D24S0 D32S0 Packed-D24S8 
03:54:40: FBO PF_B8G8R8 depth/stencil support: D0S0 D0S8 D16S0 D24S0 D32S0 Packed-D24S8 
03:54:40: FBO PF_A8R8G8B8 depth/stencil support: D0S0 D0S8 D16S0 D24S0 D32S0 Packed-D24S8 
03:54:41: FBO PF_B8G8R8A8 depth/stencil support: D0S0 D0S8 D16S0 D24S0 D32S0 Packed-D24S8 
03:54:41: FBO PF_A2R10G10B10 depth/stencil support: D0S0 D0S8 D16S0 D24S0 D32S0 Packed-D24S8 
03:54:41: FBO PF_A2B10G10R10 depth/stencil support: D0S0 D0S8 D16S0 D24S0 D32S0 Packed-D24S8 
03:54:41: FBO PF_FLOAT16_RGB depth/stencil support: D0S0 D0S8 D16S0 D24S0 D32S0 Packed-D24S8 
03:54:41: FBO PF_FLOAT16_RGBA depth/stencil support: D0S0 D0S8 D16S0 D24S0 D32S0 Packed-D24S8 
03:54:41: FBO PF_FLOAT32_RGB depth/stencil support: D0S0 D0S8 D16S0 D24S0 D32S0 Packed-D24S8 
03:54:41: FBO PF_FLOAT32_RGBA depth/stencil support: D0S0 D0S8 D16S0 D24S0 D32S0 Packed-D24S8 
03:54:41: FBO PF_X8R8G8B8 depth/stencil support: D0S0 D0S8 D16S0 D24S0 D32S0 Packed-D24S8 
03:54:41: FBO PF_X8B8G8R8 depth/stencil support: D0S0 D0S8 D16S0 D24S0 D32S0 Packed-D24S8 
03:54:41: FBO PF_SHORT_RGBA depth/stencil support: D0S0 D0S8 D16S0 D24S0 D32S0 Packed-D24S8 
03:54:41: FBO PF_R3G3B2 depth/stencil support: D0S0 D0S8 D16S0 D24S0 D32S0 Packed-D24S8 
03:54:41: FBO PF_FLOAT16_R depth/stencil support: D0S0 D0S8 D16S0 D24S0 D32S0 Packed-D24S8 
03:54:41: FBO PF_FLOAT32_R depth/stencil support: D0S0 D0S8 D16S0 D24S0 D32S0 Packed-D24S8 
03:54:41: FBO PF_FLOAT16_GR depth/stencil support: D0S0 D0S8 D16S0 D24S0 D32S0 Packed-D24S8 
03:54:41: FBO PF_FLOAT32_GR depth/stencil support: D0S0 D0S8 D16S0 D24S0 D32S0 Packed-D24S8 
03:54:41: FBO PF_SHORT_RGB depth/stencil support: D0S0 D0S8 D16S0 D24S0 D32S0 Packed-D24S8 
03:54:41: [GL] : Valid FBO targets PF_UNKNOWN PF_L8 PF_A8 PF_A4L4 PF_BYTE_LA PF_R5G6B5 PF_B5G6R5 PF_A4R4G4B4 PF_A1R5G5B5 PF_R8G8B8 PF_B8G8R8 PF_A8R8G8B8 PF_B8G8R8A8 PF_A2R10G10B10 PF_A2B10G10R10 PF_FLOAT16_RGB PF_FLOAT16_RGBA PF_FLOAT32_RGB PF_FLOAT32_RGBA PF_X8R8G8B8 PF_X8B8G8R8 PF_SHORT_RGBA PF_R3G3B2 PF_FLOAT16_R PF_FLOAT32_R PF_FLOAT16_GR PF_FLOAT32_GR PF_SHORT_RGB 
03:54:41: RenderSystem capabilities
03:54:41: -------------------------
03:54:41: RenderSystem Name: OpenGL Rendering Subsystem
03:54:41: GPU Vendor: nvidia
03:54:41: Device Name: GeForce GTX 760/PCIe/SSE2
03:54:41: Driver Version: 4.4.0.0
03:54:41:  * Fixed function pipeline: yes
03:54:41:  * Hardware generation of mipmaps: yes
03:54:41:  * Texture blending: yes
03:54:41:  * Anisotropic texture filtering: yes
03:54:41:  * Dot product texture operation: yes
03:54:41:  * Cube mapping: yes
03:54:41:  * Hardware stencil buffer: yes
03:54:41:    - Stencil depth: 8
03:54:41:    - Two sided stencil support: yes
03:54:41:    - Wrap stencil values: yes
03:54:41:  * Hardware vertex / index buffers: yes
03:54:41:  * 32-bit index buffers: yes
03:54:41:  * Vertex programs: yes
03:54:41:  * Number of floating-point constants for vertex programs: 1024
03:54:41:  * Number of integer constants for vertex programs: 0
03:54:41:  * Number of boolean constants for vertex programs: 0
03:54:41:  * Fragment programs: yes
03:54:41:  * Number of floating-point constants for fragment programs: 512
03:54:41:  * Number of integer constants for fragment programs: 0
03:54:41:  * Number of boolean constants for fragment programs: 0
03:54:41:  * Geometry programs: yes
03:54:41:  * Number of floating-point constants for geometry programs: 2048
03:54:41:  * Number of integer constants for geometry programs: 0
03:54:41:  * Number of boolean constants for geometry programs: 0
03:54:41:  * Tessellation Hull programs: no
03:54:41:  * Number of floating-point constants for tessellation hull programs: 0
03:54:41:  * Number of integer constants for tessellation hull programs: 0
03:54:41:  * Number of boolean constants for tessellation hull programs: 0
03:54:41:  * Tessellation Domain programs: no
03:54:41:  * Number of floating-point constants for tessellation domain programs: 0
03:54:41:  * Number of integer constants for tessellation domain programs: 0
03:54:41:  * Number of boolean constants for tessellation domain programs: 0
03:54:41:  * Compute programs: no
03:54:41:  * Number of floating-point constants for compute programs: 0
03:54:41:  * Number of integer constants for compute programs: 0
03:54:41:  * Number of boolean constants for compute programs: 0
03:54:41:  * Supported Shader Profiles: arbfp1 arbvp1 fp20 fp30 fp40 glsl glsl100 glsl110 glsl120 gp4fp gp4gp gp4vp gpu_fp gpu_gp gpu_vp nvgp4 vp30 vp40
03:54:41:  * Texture Compression: yes
03:54:41:    - DXT: yes
03:54:41:    - VTC: yes
03:54:41:    - PVRTC: no
03:54:41:    - ATC: no
03:54:41:    - ETC1: no
03:54:41:    - ETC2: no
03:54:41:    - BC4/BC5: no
03:54:41:    - BC6H/BC7: no
03:54:41:  * Scissor Rectangle: yes
03:54:41:  * Hardware Occlusion Query: yes
03:54:41:  * User clip planes: yes
03:54:41:  * VET_UBYTE4 vertex element type: yes
03:54:41:  * Infinite far plane projection: yes
03:54:41:  * Hardware render-to-texture: yes
03:54:41:  * Floating point textures: yes
03:54:41:  * Non-power-of-two textures: yes
03:54:41:  * 1d textures: yes
03:54:41:  * Volume textures: yes
03:54:41:  * Multiple Render Targets: 8
03:54:41:    - With different bit depths: yes
03:54:41:  * Point Sprites: yes
03:54:41:  * Extended point parameters: yes
03:54:41:  * Max Point Size: 2047
03:54:41:  * Vertex texture fetch: yes
03:54:41:  * Number of world matrices: 0
03:54:41:  * Number of texture units: 16
03:54:41:  * Stencil buffer depth: 8
03:54:41:  * Number of vertex blend matrices: 0
03:54:41:    - Max vertex textures: 32
03:54:41:    - Vertex textures shared: yes
03:54:41:  * Render to Vertex Buffer : yes
03:54:41:  * Hardware Atomic Counters: no
03:54:41:  * GL 1.5 without VBO workaround: no
03:54:41:  * Frame Buffer objects: yes
03:54:41:  * Frame Buffer objects (ARB extension): no
03:54:41:  * Frame Buffer objects (ATI extension): no
03:54:41:  * PBuffer support: yes
03:54:41:  * GL 1.5 without HW-occlusion workaround: no
03:54:41:  * Vertex Array Objects: no
03:54:41:  * Separate shader objects: no
03:54:41: DefaultWorkQueue('Root') initialising on thread main.
03:54:41: Particle Renderer Type 'billboard' registered
03:54:41: WINDOW handle: 0x5600002
03:54:41: ok, created window!
03:54:41: OGRE EXCEPTION(6:FileNotFoundException): 'res.cfg' file not found! in ConfigFile::load at /home/ttrocha/_dev/extprojects/gamekit/Ogre-1.9a/OgreMain/src/OgreConfigFile.cpp (line 88)
03:54:41: Engine: Failed to load resource file!
'res.cfg' file not found!
03:54:41: Creating resource group <gkBuiltin>
03:54:41: Create Group:<gkBuiltin>
03:54:41: size:1
03:54:41: Parsing scripts for resource group <gkBuiltin>
03:54:41: Finished parsing scripts for resource group <gkBuiltin>
03:54:41: Creating resources for group <gkBuiltin>
03:54:41: All done
03:54:41: Parsing scripts for resource group Autodetect
03:54:41: Finished parsing scripts for resource group Autodetect
03:54:41: Creating resources for group Autodetect
03:54:41: All done
03:54:41: Parsing scripts for resource group General
03:54:41: Parsing script Gorilla2D.material
03:54:41: Parsing script Gorilla3D.material
03:54:41: Parsing script librocket2D.material
03:54:41: Parsing script misc.material
03:54:41: Finished parsing scripts for resource group General
03:54:41: Creating resources for group General
03:54:41: All done
03:54:41: Parsing scripts for resource group Internal
03:54:41: Finished parsing scripts for resource group Internal
03:54:41: Creating resources for group Internal
03:54:41: All done
03:54:41: Parsing scripts for resource group Rocket
03:54:41: Finished parsing scripts for resource group Rocket
03:54:41: Creating resources for group Rocket
03:54:41: All done
03:54:41: Texture: <gkBuiltin/FlareAlpah64.png>: Loading 1 faces(PF_A8R8G8B8,64x64x1) with 6 hardware generated mipmaps from Image. Internal format is PF_A8R8G8B8,64x64x1.
03:54:41: Registering Texture Controller: Type = ogg_video Name = 
03:54:41: gkdebug
03:54:41: gkdebug1
03:54:41: gkdebug2
03:54:41: font1
03:54:41: font2
03:54:41: Font <gkBuiltin/Font>using texture size 256x256
03:54:41: Info: Freetype returned null for character 160 in font <gkBuiltin/Font>
03:54:41: Texture: <gkBuiltin/Font>Texture: Loading 1 faces(PF_BYTE_LA,256x256x1) Internal format is PF_BYTE_LA,256x256x1.
03:54:41: gkdebug3
03:54:41: Creating resource group 
03:54:41: Create Group:
03:54:41: size:2
03:54:41: OGRE EXCEPTION(6:FileNotFoundException): Cannot locate resource /tmp/gamekit_tmp.blend in resource group General or any other group. in ResourceGroupManager::openResource at /home/ttrocha/_dev/extprojects/gamekit/Ogre-1.9a/OgreMain/src/OgreResourceGroupManager.cpp (line 757)
03:54:41: getAsStream with ogre didn't work:/tmp/gamekit_tmp.blend
03:54:41: Texture base.png not packed! Try to locate it via ogre-resources in group:''
03:54:41: OGRE EXCEPTION(6:FileNotFoundException): Cannot locate resource base.png in resource group  or any other group. in ResourceGroupManager::openResource at /home/ttrocha/_dev/extprojects/gamekit/Ogre-1.9a/OgreMain/src/OgreResourceGroupManager.cpp (line 757)
03:54:41: Texture base.png not found! Try to add relative FileSystem location in group:'' /home/ttrocha/_dev/extprojects/gamekit-regression/MyRegression/media/images/ - /home/ttrocha/_dev/extprojects/gamekit-regression/MyRegression/media/images/base.png.blend
03:54:41: Added resource location '/home/ttrocha/_dev/extprojects/gamekit-regression/MyRegression/media/images/' of type 'FileSystem' to resource group ''
03:54:41: Texture: base.png: Loading 1 faces(PF_A8R8G8B8,2048x2048x1) with 5 hardware generated mipmaps from Image. Internal format is PF_A8R8G8B8,2048x2048x1.
03:54:41: FOUND(base.png)!!!
03:54:41: Texture grass.png not packed! Try to locate it via ogre-resources in group:''
03:54:41: Texture: grass.png: Loading 1 faces(PF_A8R8G8B8,512x512x1) with 5 hardware generated mipmaps from Image. Internal format is PF_A8R8G8B8,512x512x1.
03:54:41: FOUND(grass.png)!!!
03:54:41: Texture leafs.png not packed! Try to locate it via ogre-resources in group:''
03:54:41: Texture: leafs.png: Loading 1 faces(PF_A8R8G8B8,512x512x1) with 5 hardware generated mipmaps from Image. Internal format is PF_A8R8G8B8,512x512x1.
03:54:41: FOUND(leafs.png)!!!
03:54:41: Texture map.png not packed! Try to locate it via ogre-resources in group:''
03:54:41: Texture: map.png: Loading 1 faces(PF_A8R8G8B8,2048x2048x1) with 5 hardware generated mipmaps from Image. Internal format is PF_A8R8G8B8,2048x2048x1.
03:54:41: FOUND(map.png)!!!
03:54:41: Texture paprika.png not packed! Try to locate it via ogre-resources in group:''
03:54:41: Texture: paprika.png: Loading 1 faces(PF_A8R8G8B8,128x128x1) with 5 hardware generated mipmaps from Image. Internal format is PF_A8R8G8B8,128x128x1.
03:54:41: FOUND(paprika.png)!!!
03:54:44: Release gkGuiDocumentEventInstancer!
03:54:44: Destroying resource group Rocket
03:54:44: Unloading resource group Rocket
03:54:44: Finished unloading resource group Rocket
03:54:44: Removed resource location 
03:54:44: Unregistering ResourceManager for type Font
03:54:44: DefaultWorkQueue('Root') shutting down on thread main.
03:54:44: *-*-* OGRE Shutdown
03:54:44: Unregistering ResourceManager for type Compositor
03:54:44: Unregistering ResourceManager for type Skeleton
03:54:44: Unregistering ResourceManager for type Mesh
03:54:44: Unregistering ResourceManager for type HighLevelGpuProgram
03:54:44: Unregistering ResourceManager for type GpuProgram
03:54:44: ******************************
*** Stopping GLX Subsystem ***
******************************
03:54:44: Unregistering ResourceManager for type Texture
03:54:44: Unregistering ResourceManager for type Material
